<?xml version="1.0" encoding="UTF-8"?>
<testng-results ignored="0" total="1" passed="1" failed="0" skipped="0">
  <reporter-output>
  </reporter-output>
  <suite started-at="2023-11-12T22:36:53 IST" name="Default suite" finished-at="2023-11-12T22:37:01 IST" duration-ms="7781">
    <groups>
    </groups>
    <test started-at="2023-11-12T22:36:53 IST" name="Default test" finished-at="2023-11-12T22:37:01 IST" duration-ms="7781">
      <class name="healinium.withouthealenium">
        <test-method signature="test()[pri:0, instance:healinium.withouthealenium@273444fe]" started-at="2023-11-12T22:36:54 IST" name="test" finished-at="2023-11-12T22:37:01 IST" duration-ms="7683" status="PASS">
          <reporter-output>
          </reporter-output>
        </test-method> <!-- test -->
      </class> <!-- healinium.withouthealenium -->
    </test> <!-- Default test -->
  </suite> <!-- Default suite -->
</testng-results>
