<?xml version="1.0" encoding="UTF-8"?>
<testng-results ignored="0" total="1" passed="1" failed="0" skipped="0">
  <reporter-output>
  </reporter-output>
  <suite started-at="2023-11-05T16:22:46 IST" name="Default suite" finished-at="2023-11-05T16:23:57 IST" duration-ms="71462">
    <groups>
    </groups>
    <test started-at="2023-11-05T16:22:46 IST" name="Default test" finished-at="2023-11-05T16:23:57 IST" duration-ms="71462">
      <class name="autohealinium">
        <test-method signature="chrometest()[pri:0, instance:autohealinium@5524cca1]" started-at="2023-11-05T16:22:46 IST" name="chrometest" finished-at="2023-11-05T16:23:46 IST" duration-ms="60591" status="PASS">
          <reporter-output>
          </reporter-output>
        </test-method> <!-- chrometest -->
      </class> <!-- autohealinium -->
    </test> <!-- Default test -->
  </suite> <!-- Default suite -->
</testng-results>
